c:\users\ggpc\downloads\cgra350 group project\cgra350_group_project\cgra350_framework\bin\debug\glfw3.pdb
c:\users\ggpc\downloads\cgra350 group project\cgra350_group_project\cgra350_framework\ext\glfw\src\glfw.dir\debug\wgl_context.obj
c:\users\ggpc\downloads\cgra350 group project\cgra350_group_project\cgra350_framework\ext\glfw\src\glfw.dir\debug\winmm_joystick.obj
c:\users\ggpc\downloads\cgra350 group project\cgra350_group_project\cgra350_framework\ext\glfw\src\glfw.dir\debug\win32_window.obj
c:\users\ggpc\downloads\cgra350 group project\cgra350_group_project\cgra350_framework\ext\glfw\src\glfw.dir\debug\win32_tls.obj
c:\users\ggpc\downloads\cgra350 group project\cgra350_group_project\cgra350_framework\ext\glfw\src\glfw.dir\debug\win32_time.obj
c:\users\ggpc\downloads\cgra350 group project\cgra350_group_project\cgra350_framework\ext\glfw\src\glfw.dir\debug\win32_monitor.obj
c:\users\ggpc\downloads\cgra350 group project\cgra350_group_project\cgra350_framework\ext\glfw\src\glfw.dir\debug\win32_init.obj
c:\users\ggpc\downloads\cgra350 group project\cgra350_group_project\cgra350_framework\ext\glfw\src\glfw.dir\debug\window.obj
c:\users\ggpc\downloads\cgra350 group project\cgra350_group_project\cgra350_framework\ext\glfw\src\glfw.dir\debug\monitor.obj
c:\users\ggpc\downloads\cgra350 group project\cgra350_group_project\cgra350_framework\ext\glfw\src\glfw.dir\debug\input.obj
c:\users\ggpc\downloads\cgra350 group project\cgra350_group_project\cgra350_framework\ext\glfw\src\glfw.dir\debug\init.obj
c:\users\ggpc\downloads\cgra350 group project\cgra350_group_project\cgra350_framework\ext\glfw\src\glfw.dir\debug\context.obj
c:\users\ggpc\downloads\cgra350 group project\cgra350_group_project\cgra350_framework\ext\glfw\src\cmakefiles\generate.stamp
c:\users\ggpc\downloads\cgra350 group project\cgra350_group_project\cgra350_framework\bin\debug\glfw3.lib
c:\users\ggpc\downloads\cgra350 group project\cgra350_group_project\cgra350_framework\ext\glfw\src\glfw.dir\debug\glfw.tlog\cl.command.1.tlog
c:\users\ggpc\downloads\cgra350 group project\cgra350_group_project\cgra350_framework\ext\glfw\src\glfw.dir\debug\glfw.tlog\cl.read.1.tlog
c:\users\ggpc\downloads\cgra350 group project\cgra350_group_project\cgra350_framework\ext\glfw\src\glfw.dir\debug\glfw.tlog\cl.write.1.tlog
c:\users\ggpc\downloads\cgra350 group project\cgra350_group_project\cgra350_framework\ext\glfw\src\glfw.dir\debug\glfw.tlog\custombuild.command.1.tlog
c:\users\ggpc\downloads\cgra350 group project\cgra350_group_project\cgra350_framework\ext\glfw\src\glfw.dir\debug\glfw.tlog\custombuild.read.1.tlog
c:\users\ggpc\downloads\cgra350 group project\cgra350_group_project\cgra350_framework\ext\glfw\src\glfw.dir\debug\glfw.tlog\custombuild.write.1.tlog
c:\users\ggpc\downloads\cgra350 group project\cgra350_group_project\cgra350_framework\ext\glfw\src\glfw.dir\debug\glfw.tlog\lib-link.read.1.tlog
c:\users\ggpc\downloads\cgra350 group project\cgra350_group_project\cgra350_framework\ext\glfw\src\glfw.dir\debug\glfw.tlog\lib-link.write.1.tlog
c:\users\ggpc\downloads\cgra350 group project\cgra350_group_project\cgra350_framework\ext\glfw\src\glfw.dir\debug\glfw.tlog\lib.command.1.tlog
