  SlimeBlock.cpp
  application.cpp
  main.cpp
  cgra_geometry.cpp
  cgra_gui.cpp
  cgra_mesh.cpp
  cgra_shader.cpp
C:\Users\GGPC\Downloads\CGRA350 Group Project\CGRA350_Group_Project\CGRA350_Framework\work\ext\glm\detail/type_vec2.hpp(45,22): warning C4201: nonstandard extension used: nameless struct/union (compiling source file C:\Users\GGPC\Downloads\CGRA350 Group Project\CGRA350_Group_Project\CGRA350_Framework\work\src\cgra\cgra_geometry.cpp)
C:\Users\GGPC\Downloads\CGRA350 Group Project\CGRA350_Group_Project\CGRA350_Framework\work\ext\glm\detail/type_vec2.hpp(205): message : see reference to class template instantiation 'glm::vec<2,T,P>' being compiled (compiling source file C:\Users\GGPC\Downloads\CGRA350 Group Project\CGRA350_Group_Project\CGRA350_Framework\work\src\cgra\cgra_geometry.cpp)
C:\Users\GGPC\Downloads\CGRA350 Group Project\CGRA350_Group_Project\CGRA350_Framework\work\ext\glm\detail/type_vec2.hpp(46,22): warning C4201: nonstandard extension used: nameless struct/union (compiling source file C:\Users\GGPC\Downloads\CGRA350 Group Project\CGRA350_Group_Project\CGRA350_Framework\work\src\cgra\cgra_geometry.cpp)
C:\Users\GGPC\Downloads\CGRA350 Group Project\CGRA350_Group_Project\CGRA350_Framework\work\ext\glm\detail/type_vec2.hpp(47,22): warning C4201: nonstandard extension used: nameless struct/union (compiling source file C:\Users\GGPC\Downloads\CGRA350 Group Project\CGRA350_Group_Project\CGRA350_Framework\work\src\cgra\cgra_geometry.cpp)
C:\Users\GGPC\Downloads\CGRA350 Group Project\CGRA350_Group_Project\CGRA350_Framework\work\ext\glm\detail/type_vec3.hpp(45,25): warning C4201: nonstandard extension used: nameless struct/union (compiling source file C:\Users\GGPC\Downloads\CGRA350 Group Project\CGRA350_Group_Project\CGRA350_Framework\work\src\cgra\cgra_geometry.cpp)
C:\Users\GGPC\Downloads\CGRA350 Group Project\CGRA350_Group_Project\CGRA350_Framework\work\ext\glm\detail/type_vec3.hpp(226): message : see reference to class template instantiation 'glm::vec<3,T,P>' being compiled (compiling source file C:\Users\GGPC\Downloads\CGRA350 Group Project\CGRA350_Group_Project\CGRA350_Framework\work\src\cgra\cgra_geometry.cpp)
C:\Users\GGPC\Downloads\CGRA350 Group Project\CGRA350_Group_Project\CGRA350_Framework\work\ext\glm\detail/type_vec3.hpp(46,25): warning C4201: nonstandard extension used: nameless struct/union (compiling source file C:\Users\GGPC\Downloads\CGRA350 Group Project\CGRA350_Group_Project\CGRA350_Framework\work\src\cgra\cgra_geometry.cpp)
C:\Users\GGPC\Downloads\CGRA350 Group Project\CGRA350_Group_Project\CGRA350_Framework\work\ext\glm\detail/type_vec3.hpp(47,25): warning C4201: nonstandard extension used: nameless struct/union (compiling source file C:\Users\GGPC\Downloads\CGRA350 Group Project\CGRA350_Group_Project\CGRA350_Framework\work\src\cgra\cgra_geometry.cpp)
C:\Users\GGPC\Downloads\CGRA350 Group Project\CGRA350_Group_Project\CGRA350_Framework\work\ext\glm\detail/type_vec2.hpp(45,22): warning C4201: nonstandard extension used: nameless struct/union (compiling source file ..\work\src\SlimeSimulation\SlimeBlock.cpp)
C:\Users\GGPC\Downloads\CGRA350 Group Project\CGRA350_Group_Project\CGRA350_Framework\work\ext\glm\detail/type_vec2.hpp(205): message : see reference to class template instantiation 'glm::vec<2,T,P>' being compiled (compiling source file ..\work\src\SlimeSimulation\SlimeBlock.cpp)
C:\Users\GGPC\Downloads\CGRA350 Group Project\CGRA350_Group_Project\CGRA350_Framework\work\ext\glm\detail/type_vec2.hpp(46,22): warning C4201: nonstandard extension used: nameless struct/union (compiling source file ..\work\src\SlimeSimulation\SlimeBlock.cpp)
C:\Users\GGPC\Downloads\CGRA350 Group Project\CGRA350_Group_Project\CGRA350_Framework\work\ext\glm\detail/type_vec2.hpp(47,22): warning C4201: nonstandard extension used: nameless struct/union (compiling source file ..\work\src\SlimeSimulation\SlimeBlock.cpp)
C:\Users\GGPC\Downloads\CGRA350 Group Project\CGRA350_Group_Project\CGRA350_Framework\work\ext\glm\detail/type_vec4.hpp(45,28): warning C4201: nonstandard extension used: nameless struct/union (compiling source file C:\Users\GGPC\Downloads\CGRA350 Group Project\CGRA350_Group_Project\CGRA350_Framework\work\src\cgra\cgra_geometry.cpp)
C:\Users\GGPC\Downloads\CGRA350 Group Project\CGRA350_Group_Project\CGRA350_Framework\work\ext\glm\detail/type_vec4.hpp(271): message : see reference to class template instantiation 'glm::vec<4,T,P>' being compiled (compiling source file C:\Users\GGPC\Downloads\CGRA350 Group Project\CGRA350_Group_Project\CGRA350_Framework\work\src\cgra\cgra_geometry.cpp)
C:\Users\GGPC\Downloads\CGRA350 Group Project\CGRA350_Group_Project\CGRA350_Framework\work\ext\glm\detail/type_vec4.hpp(46,29): warning C4201: nonstandard extension used: nameless struct/union (compiling source file C:\Users\GGPC\Downloads\CGRA350 Group Project\CGRA350_Group_Project\CGRA350_Framework\work\src\cgra\cgra_geometry.cpp)
C:\Users\GGPC\Downloads\CGRA350 Group Project\CGRA350_Group_Project\CGRA350_Framework\work\ext\glm\detail/type_vec4.hpp(47,29): warning C4201: nonstandard extension used: nameless struct/union (compiling source file C:\Users\GGPC\Downloads\CGRA350 Group Project\CGRA350_Group_Project\CGRA350_Framework\work\src\cgra\cgra_geometry.cpp)
C:\Users\GGPC\Downloads\CGRA350 Group Project\CGRA350_Group_Project\CGRA350_Framework\work\ext\glm\detail/type_vec3.hpp(45,25): warning C4201: nonstandard extension used: nameless struct/union (compiling source file ..\work\src\SlimeSimulation\SlimeBlock.cpp)
C:\Users\GGPC\Downloads\CGRA350 Group Project\CGRA350_Group_Project\CGRA350_Framework\work\ext\glm\detail/type_vec3.hpp(226): message : see reference to class template instantiation 'glm::vec<3,T,P>' being compiled (compiling source file ..\work\src\SlimeSimulation\SlimeBlock.cpp)
C:\Users\GGPC\Downloads\CGRA350 Group Project\CGRA350_Group_Project\CGRA350_Framework\work\ext\glm\detail/type_vec3.hpp(46,25): warning C4201: nonstandard extension used: nameless struct/union (compiling source file ..\work\src\SlimeSimulation\SlimeBlock.cpp)
C:\Users\GGPC\Downloads\CGRA350 Group Project\CGRA350_Group_Project\CGRA350_Framework\work\ext\glm\detail/type_vec3.hpp(47,25): warning C4201: nonstandard extension used: nameless struct/union (compiling source file ..\work\src\SlimeSimulation\SlimeBlock.cpp)
C:\Users\GGPC\Downloads\CGRA350 Group Project\CGRA350_Group_Project\CGRA350_Framework\work\ext\glm\detail/type_vec4.hpp(45,28): warning C4201: nonstandard extension used: nameless struct/union (compiling source file ..\work\src\SlimeSimulation\SlimeBlock.cpp)
C:\Users\GGPC\Downloads\CGRA350 Group Project\CGRA350_Group_Project\CGRA350_Framework\work\ext\glm\detail/type_vec4.hpp(271): message : see reference to class template instantiation 'glm::vec<4,T,P>' being compiled (compiling source file ..\work\src\SlimeSimulation\SlimeBlock.cpp)
C:\Users\GGPC\Downloads\CGRA350 Group Project\CGRA350_Group_Project\CGRA350_Framework\work\ext\glm\detail/type_vec4.hpp(46,29): warning C4201: nonstandard extension used: nameless struct/union (compiling source file ..\work\src\SlimeSimulation\SlimeBlock.cpp)
C:\Users\GGPC\Downloads\CGRA350 Group Project\CGRA350_Group_Project\CGRA350_Framework\work\ext\glm\detail/type_vec4.hpp(47,29): warning C4201: nonstandard extension used: nameless struct/union (compiling source file ..\work\src\SlimeSimulation\SlimeBlock.cpp)
C:\Users\GGPC\Downloads\CGRA350 Group Project\CGRA350_Group_Project\CGRA350_Framework\work\ext\glm\detail/type_vec2.hpp(45,22): warning C4201: nonstandard extension used: nameless struct/union (compiling source file C:\Users\GGPC\Downloads\CGRA350 Group Project\CGRA350_Group_Project\CGRA350_Framework\work\src\main.cpp)
C:\Users\GGPC\Downloads\CGRA350 Group Project\CGRA350_Group_Project\CGRA350_Framework\work\ext\glm\detail/type_vec2.hpp(205): message : see reference to class template instantiation 'glm::vec<2,T,P>' being compiled (compiling source file C:\Users\GGPC\Downloads\CGRA350 Group Project\CGRA350_Group_Project\CGRA350_Framework\work\src\main.cpp)
C:\Users\GGPC\Downloads\CGRA350 Group Project\CGRA350_Group_Project\CGRA350_Framework\work\ext\glm\detail/type_vec2.hpp(46,22): warning C4201: nonstandard extension used: nameless struct/union (compiling source file C:\Users\GGPC\Downloads\CGRA350 Group Project\CGRA350_Group_Project\CGRA350_Framework\work\src\main.cpp)
C:\Users\GGPC\Downloads\CGRA350 Group Project\CGRA350_Group_Project\CGRA350_Framework\work\ext\glm\detail/type_vec2.hpp(47,22): warning C4201: nonstandard extension used: nameless struct/union (compiling source file C:\Users\GGPC\Downloads\CGRA350 Group Project\CGRA350_Group_Project\CGRA350_Framework\work\src\main.cpp)
C:\Users\GGPC\Downloads\CGRA350 Group Project\CGRA350_Group_Project\CGRA350_Framework\work\ext\glm\detail/type_vec2.hpp(45,22): warning C4201: nonstandard extension used: nameless struct/union (compiling source file C:\Users\GGPC\Downloads\CGRA350 Group Project\CGRA350_Group_Project\CGRA350_Framework\work\src\cgra\cgra_mesh.cpp)
C:\Users\GGPC\Downloads\CGRA350 Group Project\CGRA350_Group_Project\CGRA350_Framework\work\ext\glm\detail/type_vec2.hpp(205): message : see reference to class template instantiation 'glm::vec<2,T,P>' being compiled (compiling source file C:\Users\GGPC\Downloads\CGRA350 Group Project\CGRA350_Group_Project\CGRA350_Framework\work\src\cgra\cgra_mesh.cpp)
C:\Users\GGPC\Downloads\CGRA350 Group Project\CGRA350_Group_Project\CGRA350_Framework\work\ext\glm\detail/type_vec2.hpp(46,22): warning C4201: nonstandard extension used: nameless struct/union (compiling source file C:\Users\GGPC\Downloads\CGRA350 Group Project\CGRA350_Group_Project\CGRA350_Framework\work\src\cgra\cgra_mesh.cpp)
C:\Users\GGPC\Downloads\CGRA350 Group Project\CGRA350_Group_Project\CGRA350_Framework\work\ext\glm\detail/type_vec2.hpp(47,22): warning C4201: nonstandard extension used: nameless struct/union (compiling source file C:\Users\GGPC\Downloads\CGRA350 Group Project\CGRA350_Group_Project\CGRA350_Framework\work\src\cgra\cgra_mesh.cpp)
C:\Users\GGPC\Downloads\CGRA350 Group Project\CGRA350_Group_Project\CGRA350_Framework\work\ext\glm\detail/type_vec3.hpp(45,25): warning C4201: nonstandard extension used: nameless struct/union (compiling source file C:\Users\GGPC\Downloads\CGRA350 Group Project\CGRA350_Group_Project\CGRA350_Framework\work\src\main.cpp)
C:\Users\GGPC\Downloads\CGRA350 Group Project\CGRA350_Group_Project\CGRA350_Framework\work\ext\glm\detail/type_vec3.hpp(226): message : see reference to class template instantiation 'glm::vec<3,T,P>' being compiled (compiling source file C:\Users\GGPC\Downloads\CGRA350 Group Project\CGRA350_Group_Project\CGRA350_Framework\work\src\main.cpp)
C:\Users\GGPC\Downloads\CGRA350 Group Project\CGRA350_Group_Project\CGRA350_Framework\work\ext\glm\detail/type_vec3.hpp(46,25): warning C4201: nonstandard extension used: nameless struct/union (compiling source file C:\Users\GGPC\Downloads\CGRA350 Group Project\CGRA350_Group_Project\CGRA350_Framework\work\src\main.cpp)
C:\Users\GGPC\Downloads\CGRA350 Group Project\CGRA350_Group_Project\CGRA350_Framework\work\ext\glm\detail/type_vec3.hpp(47,25): warning C4201: nonstandard extension used: nameless struct/union (compiling source file C:\Users\GGPC\Downloads\CGRA350 Group Project\CGRA350_Group_Project\CGRA350_Framework\work\src\main.cpp)
C:\Users\GGPC\Downloads\CGRA350 Group Project\CGRA350_Group_Project\CGRA350_Framework\work\ext\glm\detail/type_vec3.hpp(45,25): warning C4201: nonstandard extension used: nameless struct/union (compiling source file C:\Users\GGPC\Downloads\CGRA350 Group Project\CGRA350_Group_Project\CGRA350_Framework\work\src\cgra\cgra_mesh.cpp)
C:\Users\GGPC\Downloads\CGRA350 Group Project\CGRA350_Group_Project\CGRA350_Framework\work\ext\glm\detail/type_vec3.hpp(226): message : see reference to class template instantiation 'glm::vec<3,T,P>' being compiled (compiling source file C:\Users\GGPC\Downloads\CGRA350 Group Project\CGRA350_Group_Project\CGRA350_Framework\work\src\cgra\cgra_mesh.cpp)
C:\Users\GGPC\Downloads\CGRA350 Group Project\CGRA350_Group_Project\CGRA350_Framework\work\ext\glm\detail/type_vec3.hpp(46,25): warning C4201: nonstandard extension used: nameless struct/union (compiling source file C:\Users\GGPC\Downloads\CGRA350 Group Project\CGRA350_Group_Project\CGRA350_Framework\work\src\cgra\cgra_mesh.cpp)
C:\Users\GGPC\Downloads\CGRA350 Group Project\CGRA350_Group_Project\CGRA350_Framework\work\ext\glm\detail/type_vec3.hpp(47,25): warning C4201: nonstandard extension used: nameless struct/union (compiling source file C:\Users\GGPC\Downloads\CGRA350 Group Project\CGRA350_Group_Project\CGRA350_Framework\work\src\cgra\cgra_mesh.cpp)
C:\Users\GGPC\Downloads\CGRA350 Group Project\CGRA350_Group_Project\CGRA350_Framework\work\ext\glm\gtc\../gtc/quaternion.hpp(55,28): warning C4201: nonstandard extension used: nameless struct/union (compiling source file C:\Users\GGPC\Downloads\CGRA350 Group Project\CGRA350_Group_Project\CGRA350_Framework\work\src\cgra\cgra_geometry.cpp)
C:\Users\GGPC\Downloads\CGRA350 Group Project\CGRA350_Group_Project\CGRA350_Framework\work\ext\glm\gtc\../gtc/quaternion.hpp(130): message : see reference to class template instantiation 'glm::tquat<T,P>' being compiled (compiling source file C:\Users\GGPC\Downloads\CGRA350 Group Project\CGRA350_Group_Project\CGRA350_Framework\work\src\cgra\cgra_geometry.cpp)
C:\Users\GGPC\Downloads\CGRA350 Group Project\CGRA350_Group_Project\CGRA350_Framework\work\ext\glm\detail/type_vec4.hpp(45,28): warning C4201: nonstandard extension used: nameless struct/union (compiling source file C:\Users\GGPC\Downloads\CGRA350 Group Project\CGRA350_Group_Project\CGRA350_Framework\work\src\main.cpp)
C:\Users\GGPC\Downloads\CGRA350 Group Project\CGRA350_Group_Project\CGRA350_Framework\work\ext\glm\detail/type_vec4.hpp(271): message : see reference to class template instantiation 'glm::vec<4,T,P>' being compiled (compiling source file C:\Users\GGPC\Downloads\CGRA350 Group Project\CGRA350_Group_Project\CGRA350_Framework\work\src\main.cpp)
C:\Users\GGPC\Downloads\CGRA350 Group Project\CGRA350_Group_Project\CGRA350_Framework\work\ext\glm\detail/type_vec4.hpp(46,29): warning C4201: nonstandard extension used: nameless struct/union (compiling source file C:\Users\GGPC\Downloads\CGRA350 Group Project\CGRA350_Group_Project\CGRA350_Framework\work\src\main.cpp)
C:\Users\GGPC\Downloads\CGRA350 Group Project\CGRA350_Group_Project\CGRA350_Framework\work\ext\glm\detail/type_vec4.hpp(47,29): warning C4201: nonstandard extension used: nameless struct/union (compiling source file C:\Users\GGPC\Downloads\CGRA350 Group Project\CGRA350_Group_Project\CGRA350_Framework\work\src\main.cpp)
C:\Users\GGPC\Downloads\CGRA350 Group Project\CGRA350_Group_Project\CGRA350_Framework\work\ext\glm\detail/type_vec4.hpp(45,28): warning C4201: nonstandard extension used: nameless struct/union (compiling source file C:\Users\GGPC\Downloads\CGRA350 Group Project\CGRA350_Group_Project\CGRA350_Framework\work\src\cgra\cgra_mesh.cpp)
C:\Users\GGPC\Downloads\CGRA350 Group Project\CGRA350_Group_Project\CGRA350_Framework\work\ext\glm\detail/type_vec4.hpp(271): message : see reference to class template instantiation 'glm::vec<4,T,P>' being compiled (compiling source file C:\Users\GGPC\Downloads\CGRA350 Group Project\CGRA350_Group_Project\CGRA350_Framework\work\src\cgra\cgra_mesh.cpp)
C:\Users\GGPC\Downloads\CGRA350 Group Project\CGRA350_Group_Project\CGRA350_Framework\work\ext\glm\detail/type_vec4.hpp(46,29): warning C4201: nonstandard extension used: nameless struct/union (compiling source file C:\Users\GGPC\Downloads\CGRA350 Group Project\CGRA350_Group_Project\CGRA350_Framework\work\src\cgra\cgra_mesh.cpp)
C:\Users\GGPC\Downloads\CGRA350 Group Project\CGRA350_Group_Project\CGRA350_Framework\work\ext\glm\detail/type_vec4.hpp(47,29): warning C4201: nonstandard extension used: nameless struct/union (compiling source file C:\Users\GGPC\Downloads\CGRA350 Group Project\CGRA350_Group_Project\CGRA350_Framework\work\src\cgra\cgra_mesh.cpp)
C:\Users\GGPC\Downloads\CGRA350 Group Project\CGRA350_Group_Project\CGRA350_Framework\work\ext\glm\gtc\../gtc/quaternion.hpp(55,28): warning C4201: nonstandard extension used: nameless struct/union (compiling source file ..\work\src\SlimeSimulation\SlimeBlock.cpp)
C:\Users\GGPC\Downloads\CGRA350 Group Project\CGRA350_Group_Project\CGRA350_Framework\work\ext\glm\gtc\../gtc/quaternion.hpp(130): message : see reference to class template instantiation 'glm::tquat<T,P>' being compiled (compiling source file ..\work\src\SlimeSimulation\SlimeBlock.cpp)
C:\Users\GGPC\Downloads\CGRA350 Group Project\CGRA350_Group_Project\CGRA350_Framework\work\ext\glm\gtc\../gtc/quaternion.hpp(55,28): warning C4201: nonstandard extension used: nameless struct/union (compiling source file C:\Users\GGPC\Downloads\CGRA350 Group Project\CGRA350_Group_Project\CGRA350_Framework\work\src\main.cpp)
C:\Users\GGPC\Downloads\CGRA350 Group Project\CGRA350_Group_Project\CGRA350_Framework\work\ext\glm\gtc\../gtc/quaternion.hpp(130): message : see reference to class template instantiation 'glm::tquat<T,P>' being compiled (compiling source file C:\Users\GGPC\Downloads\CGRA350 Group Project\CGRA350_Group_Project\CGRA350_Framework\work\src\main.cpp)
C:\Users\GGPC\Downloads\CGRA350 Group Project\CGRA350_Group_Project\CGRA350_Framework\work\src\cgra\cgra_geometry.cpp(279,3): warning C4305: 'initializing': truncation from 'double' to 'const float'
C:\Users\GGPC\Downloads\CGRA350 Group Project\CGRA350_Group_Project\CGRA350_Framework\work\src\cgra\cgra_mesh.cpp(71,33): warning C4267: '=': conversion from 'size_t' to 'int', possible loss of data
C:\Users\GGPC\Downloads\CGRA350 Group Project\CGRA350_Group_Project\CGRA350_Framework\work\src\application.hpp(37,16): warning C4305: 'initializing': truncation from 'double' to 'float' (compiling source file C:\Users\GGPC\Downloads\CGRA350 Group Project\CGRA350_Group_Project\CGRA350_Framework\work\src\main.cpp)
C:\Users\GGPC\Downloads\CGRA350 Group Project\CGRA350_Group_Project\CGRA350_Framework\work\src\application.hpp(38,14): warning C4305: 'initializing': truncation from 'double' to 'float' (compiling source file C:\Users\GGPC\Downloads\CGRA350 Group Project\CGRA350_Group_Project\CGRA350_Framework\work\src\main.cpp)
C:\Users\GGPC\Downloads\CGRA350 Group Project\CGRA350_Group_Project\CGRA350_Framework\work\src\application.hpp(37,16): warning C4305: 'initializing': truncation from 'double' to 'float' (compiling source file ..\work\src\SlimeSimulation\SlimeBlock.cpp)
C:\Users\GGPC\Downloads\CGRA350 Group Project\CGRA350_Group_Project\CGRA350_Framework\work\src\application.hpp(38,14): warning C4305: 'initializing': truncation from 'double' to 'float' (compiling source file ..\work\src\SlimeSimulation\SlimeBlock.cpp)
C:\Users\GGPC\Downloads\CGRA350 Group Project\CGRA350_Group_Project\CGRA350_Framework\work\src\cgra\cgra_geometry.cpp(506,3): warning C4305: 'initializing': truncation from 'double' to 'const float'
C:\Users\GGPC\Downloads\CGRA350 Group Project\CGRA350_Group_Project\CGRA350_Framework\work\src\cgra\cgra_geometry.cpp(616,3): warning C4305: 'initializing': truncation from 'double' to 'const float'
C:\Users\GGPC\Downloads\CGRA350 Group Project\CGRA350_Group_Project\CGRA350_Framework\work\ext\glm\detail\type_vec4.hpp(45,28): warning C4201: nonstandard extension used: nameless struct/union (compiling source file C:\Users\GGPC\Downloads\CGRA350 Group Project\CGRA350_Group_Project\CGRA350_Framework\work\src\application.cpp)
C:\Users\GGPC\Downloads\CGRA350 Group Project\CGRA350_Group_Project\CGRA350_Framework\work\ext\glm\detail\type_vec4.hpp(271): message : see reference to class template instantiation 'glm::vec<4,T,P>' being compiled (compiling source file C:\Users\GGPC\Downloads\CGRA350 Group Project\CGRA350_Group_Project\CGRA350_Framework\work\src\application.cpp)
C:\Users\GGPC\Downloads\CGRA350 Group Project\CGRA350_Group_Project\CGRA350_Framework\work\ext\glm\detail\type_vec4.hpp(46,29): warning C4201: nonstandard extension used: nameless struct/union (compiling source file C:\Users\GGPC\Downloads\CGRA350 Group Project\CGRA350_Group_Project\CGRA350_Framework\work\src\application.cpp)
C:\Users\GGPC\Downloads\CGRA350 Group Project\CGRA350_Group_Project\CGRA350_Framework\work\ext\glm\detail\type_vec4.hpp(47,29): warning C4201: nonstandard extension used: nameless struct/union (compiling source file C:\Users\GGPC\Downloads\CGRA350 Group Project\CGRA350_Group_Project\CGRA350_Framework\work\src\application.cpp)
C:\Users\GGPC\Downloads\CGRA350 Group Project\CGRA350_Group_Project\CGRA350_Framework\work\ext\glm\detail/type_vec2.hpp(45,22): warning C4201: nonstandard extension used: nameless struct/union (compiling source file C:\Users\GGPC\Downloads\CGRA350 Group Project\CGRA350_Group_Project\CGRA350_Framework\work\src\application.cpp)
C:\Users\GGPC\Downloads\CGRA350 Group Project\CGRA350_Group_Project\CGRA350_Framework\work\ext\glm\detail/type_vec2.hpp(205): message : see reference to class template instantiation 'glm::vec<2,T,P>' being compiled (compiling source file C:\Users\GGPC\Downloads\CGRA350 Group Project\CGRA350_Group_Project\CGRA350_Framework\work\src\application.cpp)
C:\Users\GGPC\Downloads\CGRA350 Group Project\CGRA350_Group_Project\CGRA350_Framework\work\ext\glm\detail/type_vec2.hpp(46,22): warning C4201: nonstandard extension used: nameless struct/union (compiling source file C:\Users\GGPC\Downloads\CGRA350 Group Project\CGRA350_Group_Project\CGRA350_Framework\work\src\application.cpp)
C:\Users\GGPC\Downloads\CGRA350 Group Project\CGRA350_Group_Project\CGRA350_Framework\work\ext\glm\detail/type_vec2.hpp(47,22): warning C4201: nonstandard extension used: nameless struct/union (compiling source file C:\Users\GGPC\Downloads\CGRA350 Group Project\CGRA350_Group_Project\CGRA350_Framework\work\src\application.cpp)
C:\Users\GGPC\Downloads\CGRA350 Group Project\CGRA350_Group_Project\CGRA350_Framework\work\ext\glm\detail/type_vec3.hpp(45,25): warning C4201: nonstandard extension used: nameless struct/union (compiling source file C:\Users\GGPC\Downloads\CGRA350 Group Project\CGRA350_Group_Project\CGRA350_Framework\work\src\application.cpp)
C:\Users\GGPC\Downloads\CGRA350 Group Project\CGRA350_Group_Project\CGRA350_Framework\work\ext\glm\detail/type_vec3.hpp(226): message : see reference to class template instantiation 'glm::vec<3,T,P>' being compiled (compiling source file C:\Users\GGPC\Downloads\CGRA350 Group Project\CGRA350_Group_Project\CGRA350_Framework\work\src\application.cpp)
C:\Users\GGPC\Downloads\CGRA350 Group Project\CGRA350_Group_Project\CGRA350_Framework\work\ext\glm\detail/type_vec3.hpp(46,25): warning C4201: nonstandard extension used: nameless struct/union (compiling source file C:\Users\GGPC\Downloads\CGRA350 Group Project\CGRA350_Group_Project\CGRA350_Framework\work\src\application.cpp)
C:\Users\GGPC\Downloads\CGRA350 Group Project\CGRA350_Group_Project\CGRA350_Framework\work\ext\glm\detail/type_vec3.hpp(47,25): warning C4201: nonstandard extension used: nameless struct/union (compiling source file C:\Users\GGPC\Downloads\CGRA350 Group Project\CGRA350_Group_Project\CGRA350_Framework\work\src\application.cpp)
C:\Users\GGPC\Downloads\CGRA350 Group Project\CGRA350_Group_Project\CGRA350_Framework\work\ext\glm\gtc\../gtc/quaternion.hpp(55,28): warning C4201: nonstandard extension used: nameless struct/union (compiling source file C:\Users\GGPC\Downloads\CGRA350 Group Project\CGRA350_Group_Project\CGRA350_Framework\work\src\application.cpp)
C:\Users\GGPC\Downloads\CGRA350 Group Project\CGRA350_Group_Project\CGRA350_Framework\work\ext\glm\gtc\../gtc/quaternion.hpp(130): message : see reference to class template instantiation 'glm::tquat<T,P>' being compiled (compiling source file C:\Users\GGPC\Downloads\CGRA350 Group Project\CGRA350_Group_Project\CGRA350_Framework\work\src\application.cpp)
C:\Users\GGPC\Downloads\CGRA350 Group Project\CGRA350_Group_Project\CGRA350_Framework\work\src\application.hpp(37,16): warning C4305: 'initializing': truncation from 'double' to 'float' (compiling source file C:\Users\GGPC\Downloads\CGRA350 Group Project\CGRA350_Group_Project\CGRA350_Framework\work\src\application.cpp)
C:\Users\GGPC\Downloads\CGRA350 Group Project\CGRA350_Group_Project\CGRA350_Framework\work\src\application.hpp(38,14): warning C4305: 'initializing': truncation from 'double' to 'float' (compiling source file C:\Users\GGPC\Downloads\CGRA350 Group Project\CGRA350_Group_Project\CGRA350_Framework\work\src\application.cpp)
C:\Users\GGPC\Downloads\CGRA350 Group Project\CGRA350_Group_Project\CGRA350_Framework\work\src\application.cpp(157,19): warning C4244: '*=': conversion from 'double' to 'float', possible loss of data
C:\Program Files\Microsoft Visual Studio\2022\Community\MSBuild\Microsoft\VC\v170\Microsoft.CppCommon.targets(1092,5): error MSB6006: "link.exe" exited with code 1104.
LINK : fatal error LNK1104: cannot open file '..\bin\Debug\glew.lib'
